Arguments: 
  C:\Program Files\nodejs\node.exe C:\Program Files (x86)\Yarn\bin\yarn.js init -Y

PATH: 
  C:\Users\SUPORTE\.oh-my-posh;C:\Program Files\OpenJDK\openjdk-11.0.13_8\bin;C:\WINDOWS\system32;C:\WINDOWS;C:\WINDOWS\System32\Wbem;C:\WINDOWS\System32\WindowsPowerShell\v1.0\;C:\WINDOWS\System32\OpenSSH\;C:\ProgramData\chocolatey\bin;C:\Program Files\Java\jdk1.8.0_211\bin;C:\Program Files\OpenJDK\openjdk-8u262-b10\bin;C:\Users\SUPORTE\AppData\Local\Android\Sdk\emulator;C:\Users\SUPORTE\AppData\Local\Android\Sdk\tools;C:\Users\SUPORTE\AppData\Local\Android\Sdk\tools\bin;C:\Users\SUPORTE\AppData\Local\Android\Sdk\platform-tools;C:\Program Files (x86)\Yarn\bin\;C:\sonar-scanner\bin;C:\Program Files\MySQL\MySQL Server 8.0\bin;C:\Program Files\Git\cmd;C:\Program Files\MongoDB\Server\5.0\bin;C:\Program Files\MongoDB\Tools\100\bin;C:\Program Files\dotnet\;C:\Windows\System32;C:\Program Files\Docker\Docker\resources\bin;C:\ProgramData\DockerDesktop\version-bin;C:\Users\SUPORTE\AppData\Roaming\nvm;C:\Program Files\nodejs;C:\Users\SUPORTE\scoop\shims;C:\Ruby27-x64\bin;C:\Users\SUPORTE\AppData\Local\Microsoft\WindowsApps;C:\Users\SUPORTE\AppData\Local\Yarn\bin;C:\Users\SUPORTE\AppData\Roaming\npm;C:\Users\SUPORTE\AppData\Local\Programs\Microsoft VS Code Insiders\bin;C:\Users\SUPORTE\AppData\Local\Programs\Microsoft VS Code\bin;C:\Users\SUPORTE\AppData\Roaming\nvm;C:\Program Files\nodejs

Yarn version: 
  1.22.5

Node version: 
  14.17.1

Platform: 
  win32 x64

Trace: 
  Error: canceled
      at Interface.<anonymous> (C:\Program Files (x86)\Yarn\lib\cli.js:137009:13)
      at Interface.emit (events.js:375:28)
      at Interface._ttyWrite (readline.js:910:16)
      at ReadStream.onkeypress (readline.js:235:10)
      at ReadStream.emit (events.js:375:28)
      at emitKeys (internal/readline/utils.js:358:14)
      at emitKeys.next (<anonymous>)
      at ReadStream.onData (readline.js:1179:36)
      at ReadStream.emit (events.js:375:28)
      at addChunk (internal/streams/readable.js:290:12)

npm manifest: 
  No manifest

yarn manifest: 
  No manifest

Lockfile: 
  No lockfile
